<?xml version="1.0" encoding="UTF-8"?>
<!-- Generated by org.testng.reporters.JUnitXMLReporter -->
<testsuite hostname="WIN-GEDESCREUP8" ignored="0" name="Test" tests="1" failures="1" timestamp="24 Mar 2018 04:01:33 GMT" time="6.639" errors="0">
  <testcase name="@AfterMethod teardown" time="0.0" classname="test.Selenium_JEnkins_Integration">
    <failure type="java.lang.NullPointerException">
      <![CDATA[java.lang.NullPointerException
at test.Selenium_JEnkins_Integration.teardown(Selenium_JEnkins_Integration.java:36)
... Removed 27 stack frames]]>
    </failure>
  </testcase> <!-- @AfterMethod teardown -->
  <testcase name="test" time="0.005" classname="test.Selenium_JEnkins_Integration">
    <failure type="java.lang.NullPointerException">
      <![CDATA[java.lang.NullPointerException
at test.Selenium_JEnkins_Integration.test(Selenium_JEnkins_Integration.java:27)
... Removed 24 stack frames]]>
    </failure>
  </testcase> <!-- test -->
</testsuite> <!-- Test -->
